adwaita-icon-theme
apache2-bin
apache2-data
apache2-utils
aptitude-common
aspell-en
at-spi2-core
augeas-lenses
binutils
binutils-mingw-w64-i686
binutils-mingw-w64-x86-64
blt
bzip2-doc
camlp4
cdbs
cgmanager
cm-super-minimal
cmake-data
colord
colord-data
cpp
cpp-4.8
cpp-4.9
cpp-5
cpp-6
cpp-7
cpu-checker
cracklib-runtime
dbus-x11
dconf-gsettings-backend
dconf-service
dctrl-tools
debhelper
debootstrap
devscripts
dh-strip-nondeterminism
dh-translations
dictionaries-common
diffstat
dirmngr
docutils-common
dpkg-dev
dpkg-repack
dput
ebtables
emacsen-common
fakeroot
fontconfig
fontconfig-config
fonts-dejavu
fonts-dejavu-core
fonts-dejavu-extra
fonts-font-awesome
fonts-lato
fonts-liberation
fonts-lmodern
fonts-lyx
fonts-mathjax
fonts-texgyre
g++
gcc
gcc-4.8-base
gcc-4.9-base
gcc-5-multilib
gcc-7-base
gcc-8-base
gcc-mingw-w64-base
gcc-mingw-w64-i686
gcc-mingw-w64-x86-64
gcc-multilib
gconf-service
gconf-service-backend
gconf2
gconf2-common
gdb
gdbserver
gettext
gfortran
gfortran-5
ghostscript
gir1.2-appindicator3-0.1
gir1.2-atk-1.0
gir1.2-freedesktop
gir1.2-gdkpixbuf-2.0
gir1.2-gtk-3.0
gir1.2-gtk-vnc-2.0
gir1.2-libosinfo-1.0
gir1.2-libvirt-glib-1.0
gir1.2-pango-1.0
gir1.2-spice-client-glib-2.0
gir1.2-spice-client-gtk-3.0
gir1.2-vte-2.91
glib-networking
glib-networking-common
glib-networking-services
gnome-icon-theme
gnupg-agent
grub-common
grub-gfxpayload-lists
grub-pc
grub-pc-bin
grub2-common
gsettings-desktop-schemas
gsfonts
gstreamer1.0-plugins-base
hardening-includes
hicolor-icon-theme
humanity-icon-theme
hunspell-en-us
ice35-slice
ice35-translators
icu-devtools
indicator-application
intltool
intltool-debian
ipxe-qemu
ipython3
ipython3-qtconsole
java-common
javascript-common
kpartx
ldap-utils
ledit
lib32asan2
lib32atomic1
lib32cilkrts5
lib32gcc-5-dev
lib32gcc1
lib32gomp1
lib32itm1
lib32mpx0
lib32quadmath0
lib32stdc++6
lib32ubsan0
libaec0
libaio1
libalgorithm-diff-perl
libalgorithm-diff-xs-perl
libalgorithm-merge-perl
libapache2-mod-php5.6
libappindicator3-1
libapr1
libaprutil1
libaprutil1-dbd-sqlite3
libaprutil1-ldap
libapt-pkg-perl
libarchive-zip-perl
libarchive13
libarmadillo6
libarpack2
libart-2.0-2
libasan0
libasan1
libasan2
libasan3
libasan4
libasound2
libasound2-data
libaspell15
libasprintf-dev
libassuan0
libasyncns0
libatk-bridge2.0-0
libatk1.0-0
libatk1.0-data
libatomic1
libatspi2.0-0
libaudio2
libaugeas0
libauparse0
libauthen-sasl-perl
libavahi-client3
libavahi-common-data
libavahi-common3
libbabeltrace-ctf1
libbabeltrace1
libbasicobjects0
libbison-dev
libblas-common
libblas-dev
libblas3
libbluetooth3
libboost-atomic-dev
libboost-atomic1.58-dev
libboost-atomic1.58.0
libboost-chrono-dev
libboost-chrono1.58-dev
libboost-chrono1.58.0
libboost-context-dev
libboost-context1.58-dev
libboost-context1.58.0
libboost-coroutine-dev
libboost-coroutine1.58-dev
libboost-coroutine1.58.0
libboost-date-time-dev
libboost-date-time1.58-dev
libboost-date-time1.58.0
libboost-dev
libboost-exception-dev
libboost-exception1.58-dev
libboost-filesystem-dev
libboost-filesystem1.58-dev
libboost-filesystem1.58.0
libboost-graph-dev
libboost-graph-parallel-dev
libboost-graph-parallel1.58-dev
libboost-graph-parallel1.58.0
libboost-graph1.58-dev
libboost-graph1.58.0
libboost-iostreams-dev
libboost-iostreams1.58-dev
libboost-iostreams1.58.0
libboost-locale-dev
libboost-locale1.58-dev
libboost-locale1.58.0
libboost-log-dev
libboost-log1.58-dev
libboost-log1.58.0
libboost-math-dev
libboost-math1.58-dev
libboost-math1.58.0
libboost-mpi-dev
libboost-mpi-python-dev
libboost-mpi-python1.58-dev
libboost-mpi-python1.58.0
libboost-mpi1.58-dev
libboost-mpi1.58.0
libboost-program-options-dev
libboost-program-options1.58-dev
libboost-program-options1.58.0
libboost-python-dev
libboost-python1.58-dev
libboost-python1.58.0
libboost-random-dev
libboost-random1.58-dev
libboost-random1.58.0
libboost-regex-dev
libboost-regex1.58-dev
libboost-regex1.58.0
libboost-serialization-dev
libboost-serialization1.58-dev
libboost-serialization1.58.0
libboost-signals-dev
libboost-signals1.58-dev
libboost-signals1.58.0
libboost-system-dev
libboost-system1.58-dev
libboost-system1.58.0
libboost-test-dev
libboost-test1.58-dev
libboost-test1.58.0
libboost-thread-dev
libboost-thread1.58-dev
libboost-thread1.58.0
libboost-timer-dev
libboost-timer1.58-dev
libboost-timer1.58.0
libboost-tools-dev
libboost-wave-dev
libboost-wave1.58-dev
libboost-wave1.58.0
libboost1.58-dev
libboost1.58-tools-dev
libbrlapi0.6
libbz2-dev
libc-ares2
libc-dev-bin
libc6-dbg
libc6-dev
libc6-dev-i386
libc6-dev-x32
libc6-i386
libc6-x32
libcaca0
libcacard0
libcairo-gobject2
libcairo2
libcamlp4-ocaml-dev
libcangjie2
libcangjie2-data
libcapnp-0.5.3
libcc1-0
libcdparanoia0
libcdt5
libcfitsio2
libcgi-fast-perl
libcgi-pm-perl
libcgmanager0
libcgraph6
libcilkrts5
libclang1-3.6
libclass-accessor-perl
libclone-perl
libcloog-isl4
libcollection4
libcolord2
libcolorhug2
libcomedi0
libcos4-1
libcrack2
libcroco3
libcups2
libcupsfilters1
libcupsimage2
libcurl3
libcwidget3v5
libdap17v5
libdapclient6v5
libdata-alias-perl
libdatrie1
libdb4.8
libdb4.8++
libdb5.3-java
libdb5.3-java-dev
libdb5.3-java-jni
libdb5.3-sql
libdb5.3-sql-dev
libdbusmenu-glib4
libdbusmenu-gtk3-4
libdconf1
libdhash1
libdigest-hmac-perl
libdistro-info-perl
libdouble-conversion1v5
libdpkg-perl
libdrm-amdgpu1
libdrm-common
libdrm-dev
libdrm-intel1
libdrm-nouveau2
libdrm-radeon1
libecj-java
libegl1-mesa
libegl1-mesa-dev
libemail-valid-perl
libencode-locale-perl
libepoxy0
libepsilon1
libevdev2
libevent-core-2.0-5
libevent-extra-2.0-5
libevent-openssl-2.0-5
libevent-pthreads-2.0-5
libexif12
libexpat1-dev
libexporter-tiny-perl
libfakeroot
libfcgi-perl
libfdt1
libfile-basedir-perl
libfile-desktopentry-perl
libfile-fcntllock-perl
libfile-homedir-perl
libfile-listing-perl
libfile-mimeinfo-perl
libfile-stripnondeterminism-perl
libfile-which-perl
libfindlib-ocaml
libfindlib-ocaml-dev
libflac8
libfont-afm-perl
libfontconfig1
libfontenc1
libfreetype6
libfreexl1
libftdi1-2
libgbm1
libgc1c2
libgcc-4.8-dev
libgcc-4.9-dev
libgcc-5-dev
libgcc-6-dev
libgcc-7-dev
libgconf-2-4
libgd3
libgdal1i
libgdk-pixbuf2.0-0
libgdk-pixbuf2.0-common
libgeos-3.5.0
libgeos-c1v5
libgettextpo-dev
libgettextpo0
libgfortran-5-dev
libgfortran3
libgif7
libgl1-mesa-dev
libgl1-mesa-dri
libgl1-mesa-glx
libglapi-mesa
libgles2-mesa
libgles2-mesa-dev
libglu1-mesa
libglu1-mesa-dev
libgmpxx4ldbl
libgomp1
libgpgme11
libgphoto2-6
libgphoto2-l10n
libgphoto2-port12
libgraphicsmagick++-q16-12
libgraphicsmagick-q16-3
libgraphite2-3
libgs9
libgs9-common
libgsl2
libgstreamer-plugins-base1.0-0
libgstreamer1.0-0
libgtk-3-0
libgtk-3-bin
libgtk-3-common
libgtk-vnc-2.0-0
libgtk2.0-0
libgtk2.0-bin
libgtk2.0-common
libgudev-1.0-0
libgusb2
libgvc6
libgvnc-1.0-0
libgvpr2
libharfbuzz-icu0
libharfbuzz0b
libhdf4-0-alt
libhdf5-10
libhmat-oss1v5
libhtml-form-perl
libhtml-format-perl
libhtml-parser-perl
libhtml-tagset-perl
libhtml-template-perl
libhtml-tree-perl
libhttp-cookies-perl
libhttp-daemon-perl
libhttp-date-perl
libhttp-message-perl
libhttp-negotiate-perl
libhunspell-1.3-0
libhwloc-dev
libhwloc-plugins
libhwloc5
libibverbs-dev
libibverbs1
libice6
libiceutil35v5
libicu-dev
libieee1284-3
libijs-0.35
libindicator3-7
libini-config5
libinput-bin
libinput10
libio-html-perl
libio-pty-perl
libio-socket-inet6-perl
libio-socket-ssl-perl
libio-string-perl
libipa-hbac0
libipc-run-perl
libipc-system-simple-perl
libiscsi2
libisl15
libitm1
libjack-jackd2-0
libjansson4
libjasper1
libjbig0
libjbig2dec0
libjpeg-dev
libjpeg-turbo8
libjpeg-turbo8-dev
libjpeg8
libjpeg8-dev
libjs-jquery
libjs-jquery-ui
libjs-mathjax
libjs-modernizr
libjs-sphinxdoc
libjs-underscore
libjson-glib-1.0-0
libjson-glib-1.0-common
libjsoncpp1
libkmlbase1
libkmldom1
libkmlengine1
libkpathsea6
libksba8
libkyotocabinet16v5
liblapack-dev
liblapack3
liblcms2-2
libldb1
libleveldb1v5
liblist-moreutils-perl
libllvm3.6v5
libllvm5.0
liblog4tango5v5
liblsan0
libltdl-dev
libltdl7
liblua5.1-0
liblua5.2-0
liblwp-mediatypes-perl
liblwp-protocol-https-perl
liblzma-dev
libmad0
libmail-sendmail-perl
libmailtools-perl
libmapnik3.0
libmcpp0
libmcrypt4
libmemcached11
libmemcachedutil2
libminiupnpc10
libminizip1
libmirclient-dev
libmirclient9
libmircommon-dev
libmircommon7
libmircookie-dev
libmircookie2
libmircore-dev
libmircore1
libmirprotobuf3
libmng2
libmpc3
libmpx0
libmpx2
libmtdev1
libmuparser2v5
libmysqlclient20
libnet-dbus-perl
libnet-dns-perl
libnet-domain-tld-perl
libnet-http-perl
libnet-ip-perl
libnet-smtp-ssl-perl
libnet-ssleay-perl
libnetcdf11
libnetcf1
libnfsidmap2
libnih-dbus1
libnl-3-200
libnl-route-3-200
libnorm1
libnpth0
libnspr4
libnss-sss
libnss3
libnss3-nssdb
libnuma-dev
libobjc-5-dev
libobjc4
libodbc1
libogdi3.2
libogg0
libomniorb4-1
libomnithread3c2
libopenal-data
libopenal1
libopenjp2-7
libopenmpi-dev
libopenmpi1.10
libopenturns0.6
libopus0
liborc-0.4-0
libosinfo-1.0-0
libpam-pwquality
libpam-sss
libpango-1.0-0
libpangocairo-1.0-0
libpangoft2-1.0-0
libpangoxft-1.0-0
libpaper-utils
libpaper1
libparse-debianchangelog-perl
libpath-utils1
libpathplan4
libpciaccess0
libpcre16-3
libpcre3-dev
libpcre32-3
libpcrecpp0v5
libperlio-gzip-perl
libpgm-5.2-0
libpixman-1-0
libpng12-dev
libpoppler58
libportaudio2
libpotrace0
libpq5
libproj9
libprotobuf-lite9v5
libprotobuf9v5
libprotoc9v5
libproxy1v5
libptexenc1
libpthread-stubs0-dev
libpulse-mainloop-glib0
libpulse0
libpwquality-common
libpwquality1
libpython-all-dev
libpython-dev
libpython-stdlib
libpython2.7
libpython2.7-dev
libpython2.7-minimal
libpython2.7-stdlib
libpython3-dbg
libpython3.5
libpython3.5-dbg
libpython3.5-dev
libqpid-proton2
libqrencode3
libqt4-dbus
libqt4-declarative
libqt4-designer
libqt4-dev-bin
libqt4-help
libqt4-network
libqt4-opengl
libqt4-opengl-dev
libqt4-qt3support
libqt4-script
libqt4-scripttools
libqt4-sql
libqt4-sql-mysql
libqt4-svg
libqt4-test
libqt4-xml
libqt4-xmlpatterns
libqt5clucene5
libqt5concurrent5
libqt5designer5
libqt5designercomponents5
libqt5help5
libqt5network5
libqt5opengl5
libqt5opengl5-dev
libqt5printsupport5
libqt5qml5
libqt5quick5
libqt5quickwidgets5
libqt5sql5
libqt5sql5-sqlite
libqt5svg5
libqt5test5
libqt5webkit5
libqt5widgets5
libqt5xml5
libqtassistantclient4
libqtcore4
libqtdbus4
libqtgui4
libqtwebkit4
libquadmath0
librados2
librbd1
libreadline6-dev
libref-array1
librest-0.7-0
librpm3
librpmbuild3
librpmio3
librpmsign3
librsvg2-2
librsvg2-common
libruby2.3
libsamplerate0
libsane
libsane-common
libsasl2-modules-gssapi-mit
libsdl1.2debian
libsensors4
libsfml-audio2.3v5
libsfml-graphics2.3v5
libsfml-network2.3v5
libsfml-system2.3v5
libsfml-window2.3v5
libsigc++-2.0-0v5
libslice35v5
libsm6
libsmbclient
libsnappy1v5
libsndfile1
libsocket6-perl
libsodium23
libsoup-gnome2.4-1
libsoup2.4-1
libspatialite7
libspice-client-glib-2.0-8
libspice-client-gtk-3.0-4
libspice-server1
libssl-doc
libssl1.1
libsss-idmap0
libsss-nss-idmap0
libsss-sudo
libstdc++-4.8-dev
libstdc++-4.9-dev
libstdc++-5-dev
libstdc++-6-dev
libstdc++-7-dev
libsub-name-perl
libsuperlu4
libsynctex1
libsys-hostname-long-perl
libsz2
libtalloc2
libtango8v5
libtbb2
libtcl8.6
libtdb1
libtevent0
libtexlua52
libtexluajit2
libtext-levenshtein-perl
libthai-data
libthai0
libtheora0
libtie-ixhash-perl
libtiff5
libtimedate-perl
libtinfo-dev
libtk8.6
libtsan0
libtxc-dxtn-s2tc0
libubsan0
libunistring0
liburi-perl
liburiparser1
libusbredirhost1
libusbredirparser1
libvirt-glib-1.0-0
libvirt0
libvisual-0.4-0
libvorbis0a
libvorbisenc2
libvorbisfile3
libvte-2.91-0
libvte-2.91-common
libwacom-bin
libwacom-common
libwacom2
libwayland-bin
libwayland-client0
libwayland-cursor0
libwayland-dev
libwayland-egl1-mesa
libwayland-server0
libwbclient0
libwebp5
libwebp6
libwebpmux1
libwebpmux3
libwmf0.2-7
libwww-perl
libwww-robotrules-perl
libx11-dev
libx11-doc
libx11-protocol-perl
libx11-xcb-dev
libx11-xcb1
libx32asan2
libx32atomic1
libx32cilkrts5
libx32gcc-5-dev
libx32gcc1
libx32gomp1
libx32itm1
libx32quadmath0
libx32stdc++6
libx32ubsan0
libx86-1
libxapian-1.3-5
libxapian22v5
libxau-dev
libxaw7
libxcb-dri2-0
libxcb-dri2-0-dev
libxcb-dri3-0
libxcb-dri3-dev
libxcb-glx0
libxcb-glx0-dev
libxcb-icccm4
libxcb-image0
libxcb-keysyms1
libxcb-present-dev
libxcb-present0
libxcb-randr0
libxcb-randr0-dev
libxcb-render-util0
libxcb-render0
libxcb-render0-dev
libxcb-shape0
libxcb-shape0-dev
libxcb-shm0
libxcb-sync-dev
libxcb-sync1
libxcb-util1
libxcb-xfixes0
libxcb-xfixes0-dev
libxcb-xkb1
libxcb1-dev
libxcomposite1
libxcursor1
libxdamage-dev
libxdamage1
libxdmcp-dev
libxen-4.6
libxenstore3.0
libxerces-c3.1
libxext-dev
libxfixes-dev
libxfixes3
libxft2
libxi6
libxinerama1
libxkbcommon-dev
libxkbcommon-x11-0
libxkbcommon0
libxml-parser-perl
libxml-twig-perl
libxml-xpathengine-perl
libxml2-utils
libxmlrpc-epi0
libxmlsec1
libxmlsec1-openssl
libxmu6
libxpm4
libxrandr2
libxrender1
libxshmfence-dev
libxshmfence1
libxslt1.1
libxss1
libxt6
libxtst6
libxv1
libxxf86dga1
libxxf86vm-dev
libxxf86vm1
libyajl2
libyaml-libyaml-perl
libyaml-tiny-perl
libyara3
libzeroc-ice35v5
libzmq5
libzzip-0-13
lintian
linux-aws-headers-4.4.0-1061
linux-headers-4.4.0-1061-aws
linux-image-4.4.0-1061-aws
linux-libc-dev
lmodern
m4
manpages-dev
mesa-common-dev
mingw-w64-common
mingw-w64-x86-64-dev
mpi-default-bin
mpi-default-dev
msr-tools
mysql-client-5.7
mysql-client-core-5.7
mysql-common
mysql-server-5.7
mysql-server-core-5.7
ocaml-base-nox
ocaml-compiler-libs
ocaml-findlib
ocaml-interp
ocaml-nox
ocl-icd-libopencl1
odbcinst
odbcinst1debian2
openmpi-bin
openmpi-common
os-prober
patchutils
php-common
php5.6-cli
php5.6-common
php5.6-json
php5.6-opcache
php5.6-readline
pinentry-curses
pm-utils
po-debconf
poppler-data
preview-latex-style
proj-bin
proj-data
prosper
ps2eps
pyflakes
pyflakes3
pylint
python-all
python-all-dev
python-apt
python-astroid
python-babel-localedata
python-cairo
python-cffi-backend
python-chardet
python-cheetah
python-cryptography
python-dbus
python-dev
python-egenix-mxdatetime
python-egenix-mxtools
python-enum34
python-gi
python-gi-cairo
python-gmpy2-common
python-idna
python-ipaddr
python-ipaddress
python-lazy-object-proxy
python-libvirt
python-libxml2
python-logilab-common
python-matplotlib-data
python-minimal
python-ndg-httpsclient
python-openssl
python-pip-whl
python-pkg-resources
python-pyasn1
python-pycurl
python-pyflakes
python-requests
python-scour
python-sendfile
python-setuptools
python-six
python-smmap
python-spyderlib-doc
python-sss
python-tables-data
python-talloc
python-tk
python-urllib3
python-vm-builder
python-wheel
python-wrapt
python2.7
python2.7-dev
python2.7-minimal
python3-alabaster
python3-babel
python3-bs4
python3-cffi
python3-cycler
python3-dateutil
python3-dbg
python3-decorator
python3-dicom
python3-docutils
python3-guidata
python3-h5py
python3-html5lib
python3-jedi
python3-magic
python3-matplotlib
python3-numexpr
python3-pandas
python3-pandas-lib
python3-pep8
python3-pil
python3-ply
python3-psutil
python3-pycparser
python3-pyflakes
python3-pygments
python3-pyparsing
python3-pyqt4
python3-qwt
python3-roman
python3-scipy
python3-simplegeneric
python3-sip
python3-smmap
python3-sphinx
python3-sphinx-rtd-theme
python3-spyderlib
python3-tables
python3-tables-lib
python3-tz
python3-zmq
qdbus
qemu-block-extra
qemu-system-common
qemu-system-x86
qemu-utils
qt-at-spi
qt4-linguist-tools
qt4-qmake
qt5-qmake
qtbase5-dev
qtbase5-dev-tools
qtchooser
qtcore4-l10n
qttranslations5-l10n
r-base-core
r-base-dev
r-cran-boot
r-cran-class
r-cran-cluster
r-cran-codetools
r-cran-foreign
r-cran-kernsmooth
r-cran-lattice
r-cran-mass
r-cran-matrix
r-cran-mgcv
r-cran-nlme
r-cran-nnet
r-cran-rpart
r-cran-spatial
r-cran-survival
r-doc-html
r-recommended
rake
rpm-common
ruby-bundler
ruby-did-you-mean
ruby-minitest
ruby-molinillo
ruby-net-http-persistent
ruby-net-telnet
ruby-power-assert
ruby-test-unit
ruby-thor
ruby2.3
ruby2.3-dev
ruby2.3-doc
rubygems-integration
samba-libs
seabios
sharutils
sphinx-common
sphinx-rtd-theme-common
spice-client-glib-usb-acl-helper
spyder-common
ssl-cert
sssd
sssd-ad
sssd-ad-common
sssd-common
sssd-ipa
sssd-krb5
sssd-krb5-common
sssd-ldap
sssd-proxy
t1utils
tango-common
tcl
tcl8.6
tex-common
tex-gyre
texlive-base
texlive-binaries
texlive-extra-utils
texlive-font-utils
texlive-fonts-recommended
texlive-fonts-recommended-doc
texlive-generic-recommended
texlive-latex-base
texlive-latex-base-doc
texlive-latex-extra
texlive-latex-extra-doc
texlive-latex-recommended
texlive-latex-recommended-doc
texlive-pictures
texlive-pictures-doc
texlive-pstricks
texlive-pstricks-doc
tipa
tk
tk8.6
tk8.6-blt2.5
ttf-bitstream-vera
ttf-dejavu
ttf-dejavu-core
ttf-dejavu-extra
ubuntu-mono
unzip
vbetool
virt-viewer
virtinst
wamerican
wdiff
x11-common
x11-utils
x11-xserver-utils
x11proto-core-dev
x11proto-damage-dev
x11proto-dri2-dev
x11proto-fixes-dev
x11proto-gl-dev
x11proto-input-dev
x11proto-kb-dev
x11proto-xext-dev
x11proto-xf86vidmode-dev
xbitmaps
xdg-utils
xorg-sgml-doctools
xterm
xtrans-dev
zip
